{"/Users/jaume/Documents/skylab-bootcamp-201907/staff/jaume-villarreal/sam/sam-app/src/logic/index.js": {"path":"/Users/jaume/Documents/skylab-bootcamp-201907/staff/jaume-villarreal/sam/sam-app/src/logic/index.js","statementMap":{"0":{"start":{"line":18,"column":8},"end":{"line":18,"column":36}},"1":{"start":{"line":22,"column":8},"end":{"line":22,"column":35}}},"fnMap":{"0":{"name":"(anonymous_0)","decl":{"start":{"line":17,"column":4},"end":{"line":17,"column":5}},"loc":{"start":{"line":17,"column":24},"end":{"line":19,"column":5}},"line":17},"1":{"name":"(anonymous_1)","decl":{"start":{"line":21,"column":4},"end":{"line":21,"column":5}},"loc":{"start":{"line":21,"column":19},"end":{"line":23,"column":5}},"line":21}},"branchMap":{},"s":{"0":2,"1":2},"f":{"0":2,"1":2},"b":{},"_coverageSchema":"43e27e138ebf9cfc5966b082cf9a028302ed4184","hash":"5ca9f5834f1fbe7a7f4944c7236b906f5661e8f1"}
,"/Users/jaume/Documents/skylab-bootcamp-201907/staff/jaume-villarreal/sam/sam-app/src/logic/authenticate-tutor/index.js": {"path":"/Users/jaume/Documents/skylab-bootcamp-201907/staff/jaume-villarreal/sam/sam-app/src/logic/authenticate-tutor/index.js","statementMap":{"0":{"start":{"line":3,"column":21},"end":{"line":3,"column":26}},"1":{"start":{"line":4,"column":25},"end":{"line":4,"column":53}},"2":{"start":{"line":16,"column":4},"end":{"line":16,"column":35}},"3":{"start":{"line":17,"column":4},"end":{"line":17,"column":34}},"4":{"start":{"line":18,"column":4},"end":{"line":18,"column":41}},"5":{"start":{"line":20,"column":4},"end":{"line":39,"column":8}},"6":{"start":{"line":22,"column":24},"end":{"line":22,"column":63}},"7":{"start":{"line":23,"column":21},"end":{"line":23,"column":56}},"8":{"start":{"line":25,"column":25},"end":{"line":29,"column":10}},"9":{"start":{"line":31,"column":8},"end":{"line":38,"column":9}},"10":{"start":{"line":32,"column":30},"end":{"line":32,"column":51}},"11":{"start":{"line":33,"column":12},"end":{"line":33,"column":30}},"12":{"start":{"line":36,"column":30},"end":{"line":36,"column":51}},"13":{"start":{"line":37,"column":12},"end":{"line":37,"column":36}}},"fnMap":{"0":{"name":"(anonymous_0)","decl":{"start":{"line":15,"column":15},"end":{"line":15,"column":16}},"loc":{"start":{"line":15,"column":42},"end":{"line":40,"column":1}},"line":15},"1":{"name":"(anonymous_1)","decl":{"start":{"line":20,"column":12},"end":{"line":20,"column":13}},"loc":{"start":{"line":20,"column":24},"end":{"line":39,"column":5}},"line":20}},"branchMap":{"0":{"loc":{"start":{"line":31,"column":8},"end":{"line":38,"column":9}},"type":"if","locations":[{"start":{"line":31,"column":8},"end":{"line":38,"column":9}},{"start":{"line":31,"column":8},"end":{"line":38,"column":9}}],"line":31}},"s":{"0":5,"1":5,"2":6,"3":4,"4":3,"5":1,"6":1,"7":1,"8":1,"9":1,"10":0,"11":0,"12":1,"13":1},"f":{"0":6,"1":1},"b":{"0":[0,1]},"_coverageSchema":"43e27e138ebf9cfc5966b082cf9a028302ed4184","hash":"252c8130c75ae3b4cef765cbdb62fdf99824f97a"}
,"/Users/jaume/Documents/skylab-bootcamp-201907/staff/jaume-villarreal/sam/sam-app/src/logic/is-user-logged-in/index.js": {"path":"/Users/jaume/Documents/skylab-bootcamp-201907/staff/jaume-villarreal/sam/sam-app/src/logic/is-user-logged-in/index.js","statementMap":{"0":{"start":{"line":2,"column":4},"end":{"line":2,"column":27}}},"fnMap":{"0":{"name":"(anonymous_0)","decl":{"start":{"line":1,"column":15},"end":{"line":1,"column":16}},"loc":{"start":{"line":1,"column":25},"end":{"line":3,"column":1}},"line":1}},"branchMap":{},"s":{"0":0},"f":{"0":0},"b":{},"_coverageSchema":"43e27e138ebf9cfc5966b082cf9a028302ed4184","hash":"ea75fd80a4676f280f49fdfd45321bcb31bdf88b"}
,"/Users/jaume/Documents/skylab-bootcamp-201907/staff/jaume-villarreal/sam/sam-app/src/logic/register-enrollment/index.js": {"path":"/Users/jaume/Documents/skylab-bootcamp-201907/staff/jaume-villarreal/sam/sam-app/src/logic/register-enrollment/index.js","statementMap":{"0":{"start":{"line":3,"column":21},"end":{"line":3,"column":26}},"1":{"start":{"line":5,"column":25},"end":{"line":5,"column":53}},"2":{"start":{"line":43,"column":4},"end":{"line":43,"column":39}},"3":{"start":{"line":44,"column":4},"end":{"line":44,"column":37}},"4":{"start":{"line":45,"column":4},"end":{"line":45,"column":37}},"5":{"start":{"line":46,"column":4},"end":{"line":46,"column":46}},"6":{"start":{"line":47,"column":4},"end":{"line":47,"column":46}},"7":{"start":{"line":48,"column":4},"end":{"line":48,"column":52}},"8":{"start":{"line":49,"column":4},"end":{"line":49,"column":56}},"9":{"start":{"line":50,"column":4},"end":{"line":50,"column":55}},"10":{"start":{"line":51,"column":4},"end":{"line":51,"column":63}},"11":{"start":{"line":52,"column":4},"end":{"line":52,"column":43}},"12":{"start":{"line":53,"column":4},"end":{"line":53,"column":46}},"13":{"start":{"line":55,"column":4},"end":{"line":55,"column":52}},"14":{"start":{"line":56,"column":4},"end":{"line":56,"column":59}},"15":{"start":{"line":57,"column":4},"end":{"line":57,"column":63}},"16":{"start":{"line":58,"column":4},"end":{"line":58,"column":40}},"17":{"start":{"line":60,"column":4},"end":{"line":60,"column":52}},"18":{"start":{"line":61,"column":4},"end":{"line":61,"column":59}},"19":{"start":{"line":62,"column":4},"end":{"line":62,"column":63}},"20":{"start":{"line":63,"column":4},"end":{"line":63,"column":40}},"21":{"start":{"line":65,"column":4},"end":{"line":65,"column":52}},"22":{"start":{"line":66,"column":4},"end":{"line":66,"column":59}},"23":{"start":{"line":67,"column":4},"end":{"line":67,"column":63}},"24":{"start":{"line":68,"column":4},"end":{"line":68,"column":40}},"25":{"start":{"line":70,"column":4},"end":{"line":70,"column":52}},"26":{"start":{"line":71,"column":4},"end":{"line":71,"column":59}},"27":{"start":{"line":72,"column":4},"end":{"line":72,"column":63}},"28":{"start":{"line":73,"column":4},"end":{"line":73,"column":40}},"29":{"start":{"line":75,"column":4},"end":{"line":87,"column":8}},"30":{"start":{"line":76,"column":25},"end":{"line":80,"column":10}},"31":{"start":{"line":81,"column":8},"end":{"line":86,"column":9}},"32":{"start":{"line":82,"column":30},"end":{"line":82,"column":51}},"33":{"start":{"line":83,"column":12},"end":{"line":83,"column":35}},"34":{"start":{"line":85,"column":12},"end":{"line":85,"column":40}}},"fnMap":{"0":{"name":"(anonymous_0)","decl":{"start":{"line":41,"column":15},"end":{"line":41,"column":16}},"loc":{"start":{"line":41,"column":366},"end":{"line":92,"column":1}},"line":41},"1":{"name":"(anonymous_1)","decl":{"start":{"line":75,"column":11},"end":{"line":75,"column":12}},"loc":{"start":{"line":75,"column":23},"end":{"line":87,"column":5}},"line":75}},"branchMap":{"0":{"loc":{"start":{"line":81,"column":8},"end":{"line":86,"column":9}},"type":"if","locations":[{"start":{"line":81,"column":8},"end":{"line":86,"column":9}},{"start":{"line":81,"column":8},"end":{"line":86,"column":9}}],"line":81}},"s":{"0":5,"1":5,"2":44,"3":42,"4":40,"5":38,"6":37,"7":36,"8":35,"9":34,"10":33,"11":32,"12":30,"13":28,"14":26,"15":25,"16":24,"17":23,"18":21,"19":20,"20":19,"21":18,"22":16,"23":15,"24":14,"25":13,"26":11,"27":10,"28":9,"29":8,"30":8,"31":8,"32":2,"33":2,"34":6},"f":{"0":44,"1":8},"b":{"0":[2,6]},"_coverageSchema":"43e27e138ebf9cfc5966b082cf9a028302ed4184","hash":"3a5045774992627f5517501a37ba9f9216115ef9"}
,"/Users/jaume/Documents/skylab-bootcamp-201907/staff/jaume-villarreal/sam/sam-app/src/logic/register-student/index.js": {"path":"/Users/jaume/Documents/skylab-bootcamp-201907/staff/jaume-villarreal/sam/sam-app/src/logic/register-student/index.js","statementMap":{"0":{"start":{"line":3,"column":21},"end":{"line":3,"column":26}},"1":{"start":{"line":5,"column":25},"end":{"line":5,"column":53}},"2":{"start":{"line":23,"column":4},"end":{"line":23,"column":33}},"3":{"start":{"line":24,"column":4},"end":{"line":24,"column":38}},"4":{"start":{"line":25,"column":4},"end":{"line":25,"column":39}},"5":{"start":{"line":26,"column":4},"end":{"line":26,"column":44}},"6":{"start":{"line":27,"column":4},"end":{"line":27,"column":41}},"7":{"start":{"line":28,"column":4},"end":{"line":28,"column":45}},"8":{"start":{"line":30,"column":4},"end":{"line":42,"column":8}},"9":{"start":{"line":31,"column":25},"end":{"line":35,"column":10}},"10":{"start":{"line":36,"column":8},"end":{"line":41,"column":9}},"11":{"start":{"line":37,"column":30},"end":{"line":37,"column":51}},"12":{"start":{"line":38,"column":12},"end":{"line":38,"column":30}},"13":{"start":{"line":40,"column":12},"end":{"line":40,"column":40}}},"fnMap":{"0":{"name":"(anonymous_0)","decl":{"start":{"line":21,"column":15},"end":{"line":21,"column":16}},"loc":{"start":{"line":21,"column":66},"end":{"line":43,"column":1}},"line":21},"1":{"name":"(anonymous_1)","decl":{"start":{"line":30,"column":12},"end":{"line":30,"column":13}},"loc":{"start":{"line":30,"column":24},"end":{"line":42,"column":5}},"line":30}},"branchMap":{"0":{"loc":{"start":{"line":36,"column":8},"end":{"line":41,"column":9}},"type":"if","locations":[{"start":{"line":36,"column":8},"end":{"line":41,"column":9}},{"start":{"line":36,"column":8},"end":{"line":41,"column":9}}],"line":36}},"s":{"0":5,"1":5,"2":1,"3":1,"4":1,"5":1,"6":1,"7":1,"8":1,"9":1,"10":1,"11":0,"12":0,"13":1},"f":{"0":1,"1":1},"b":{"0":[0,1]},"_coverageSchema":"43e27e138ebf9cfc5966b082cf9a028302ed4184","hash":"ca6b9a17a227a7b3703ad39d1f647ac726fb8caa"}
,"/Users/jaume/Documents/skylab-bootcamp-201907/staff/jaume-villarreal/sam/sam-app/src/logic/register-tutor/index.js": {"path":"/Users/jaume/Documents/skylab-bootcamp-201907/staff/jaume-villarreal/sam/sam-app/src/logic/register-tutor/index.js","statementMap":{"0":{"start":{"line":3,"column":21},"end":{"line":3,"column":26}},"1":{"start":{"line":5,"column":25},"end":{"line":5,"column":53}},"2":{"start":{"line":23,"column":4},"end":{"line":23,"column":33}},"3":{"start":{"line":24,"column":4},"end":{"line":24,"column":38}},"4":{"start":{"line":25,"column":4},"end":{"line":25,"column":39}},"5":{"start":{"line":26,"column":4},"end":{"line":26,"column":44}},"6":{"start":{"line":27,"column":4},"end":{"line":27,"column":31}},"7":{"start":{"line":28,"column":4},"end":{"line":28,"column":37}},"8":{"start":{"line":29,"column":4},"end":{"line":29,"column":35}},"9":{"start":{"line":30,"column":4},"end":{"line":30,"column":34}},"10":{"start":{"line":31,"column":4},"end":{"line":31,"column":41}},"11":{"start":{"line":32,"column":4},"end":{"line":32,"column":45}},"12":{"start":{"line":34,"column":4},"end":{"line":34,"column":73}},"13":{"start":{"line":34,"column":32},"end":{"line":34,"column":73}},"14":{"start":{"line":36,"column":4},"end":{"line":49,"column":8}},"15":{"start":{"line":37,"column":25},"end":{"line":41,"column":10}},"16":{"start":{"line":42,"column":8},"end":{"line":48,"column":9}},"17":{"start":{"line":43,"column":30},"end":{"line":43,"column":51}},"18":{"start":{"line":44,"column":12},"end":{"line":44,"column":30}},"19":{"start":{"line":47,"column":12},"end":{"line":47,"column":40}}},"fnMap":{"0":{"name":"(anonymous_0)","decl":{"start":{"line":21,"column":15},"end":{"line":21,"column":16}},"loc":{"start":{"line":21,"column":87},"end":{"line":50,"column":1}},"line":21},"1":{"name":"(anonymous_1)","decl":{"start":{"line":36,"column":12},"end":{"line":36,"column":13}},"loc":{"start":{"line":36,"column":24},"end":{"line":49,"column":5}},"line":36}},"branchMap":{"0":{"loc":{"start":{"line":34,"column":4},"end":{"line":34,"column":73}},"type":"if","locations":[{"start":{"line":34,"column":4},"end":{"line":34,"column":73}},{"start":{"line":34,"column":4},"end":{"line":34,"column":73}}],"line":34},"1":{"loc":{"start":{"line":42,"column":8},"end":{"line":48,"column":9}},"type":"if","locations":[{"start":{"line":42,"column":8},"end":{"line":48,"column":9}},{"start":{"line":42,"column":8},"end":{"line":48,"column":9}}],"line":42}},"s":{"0":5,"1":5,"2":18,"3":16,"4":16,"5":14,"6":14,"7":12,"8":10,"9":8,"10":7,"11":5,"12":3,"13":1,"14":2,"15":2,"16":2,"17":0,"18":0,"19":2},"f":{"0":18,"1":2},"b":{"0":[1,2],"1":[0,2]},"_coverageSchema":"43e27e138ebf9cfc5966b082cf9a028302ed4184","hash":"0d7c7567bef96c3a35c28a75e74f0a45ec381606"}
,"/Users/jaume/Documents/skylab-bootcamp-201907/staff/jaume-villarreal/sam/sam-app/src/logic/retrieve-current-enrollment/index.js": {"path":"/Users/jaume/Documents/skylab-bootcamp-201907/staff/jaume-villarreal/sam/sam-app/src/logic/retrieve-current-enrollment/index.js","statementMap":{"0":{"start":{"line":2,"column":21},"end":{"line":2,"column":26}},"1":{"start":{"line":3,"column":25},"end":{"line":3,"column":53}},"2":{"start":{"line":14,"column":4},"end":{"line":14,"column":30}},"3":{"start":{"line":16,"column":4},"end":{"line":27,"column":8}},"4":{"start":{"line":17,"column":25},"end":{"line":19,"column":10}},"5":{"start":{"line":20,"column":8},"end":{"line":26,"column":9}},"6":{"start":{"line":21,"column":30},"end":{"line":21,"column":51}},"7":{"start":{"line":22,"column":12},"end":{"line":22,"column":34}},"8":{"start":{"line":25,"column":12},"end":{"line":25,"column":40}}},"fnMap":{"0":{"name":"(anonymous_0)","decl":{"start":{"line":13,"column":15},"end":{"line":13,"column":16}},"loc":{"start":{"line":13,"column":35},"end":{"line":28,"column":1}},"line":13},"1":{"name":"(anonymous_1)","decl":{"start":{"line":16,"column":11},"end":{"line":16,"column":12}},"loc":{"start":{"line":16,"column":22},"end":{"line":27,"column":5}},"line":16}},"branchMap":{"0":{"loc":{"start":{"line":20,"column":8},"end":{"line":26,"column":9}},"type":"if","locations":[{"start":{"line":20,"column":8},"end":{"line":26,"column":9}},{"start":{"line":20,"column":8},"end":{"line":26,"column":9}}],"line":20}},"s":{"0":5,"1":5,"2":0,"3":0,"4":0,"5":0,"6":0,"7":0,"8":0},"f":{"0":0,"1":0},"b":{"0":[0,0]},"_coverageSchema":"43e27e138ebf9cfc5966b082cf9a028302ed4184","hash":"f9ca0458cd67b0abbe4ba8cfa745f561ba0ac498"}
,"/Users/jaume/Documents/skylab-bootcamp-201907/staff/jaume-villarreal/sam/sam-app/src/logic/retrieve-student/index.js": {"path":"/Users/jaume/Documents/skylab-bootcamp-201907/staff/jaume-villarreal/sam/sam-app/src/logic/retrieve-student/index.js","statementMap":{"0":{"start":{"line":1,"column":25},"end":{"line":1,"column":53}},"1":{"start":{"line":4,"column":4},"end":{"line":16,"column":8}},"2":{"start":{"line":5,"column":24},"end":{"line":5,"column":61}},"3":{"start":{"line":6,"column":25},"end":{"line":9,"column":10}},"4":{"start":{"line":10,"column":8},"end":{"line":15,"column":9}},"5":{"start":{"line":11,"column":30},"end":{"line":11,"column":51}},"6":{"start":{"line":12,"column":12},"end":{"line":12,"column":35}},"7":{"start":{"line":14,"column":12},"end":{"line":14,"column":40}}},"fnMap":{"0":{"name":"(anonymous_0)","decl":{"start":{"line":3,"column":15},"end":{"line":3,"column":16}},"loc":{"start":{"line":3,"column":27},"end":{"line":17,"column":1}},"line":3},"1":{"name":"(anonymous_1)","decl":{"start":{"line":4,"column":11},"end":{"line":4,"column":12}},"loc":{"start":{"line":4,"column":23},"end":{"line":16,"column":5}},"line":4}},"branchMap":{"0":{"loc":{"start":{"line":10,"column":8},"end":{"line":15,"column":9}},"type":"if","locations":[{"start":{"line":10,"column":8},"end":{"line":15,"column":9}},{"start":{"line":10,"column":8},"end":{"line":15,"column":9}}],"line":10}},"s":{"0":5,"1":0,"2":0,"3":0,"4":0,"5":0,"6":0,"7":0},"f":{"0":0,"1":0},"b":{"0":[0,0]},"_coverageSchema":"43e27e138ebf9cfc5966b082cf9a028302ed4184","hash":"511c8f45752df57ff5feb402130bb884f6cba98e"}
,"/Users/jaume/Documents/skylab-bootcamp-201907/staff/jaume-villarreal/sam/sam-app/src/logic/retrieve-students-by-tutor/index.js": {"path":"/Users/jaume/Documents/skylab-bootcamp-201907/staff/jaume-villarreal/sam/sam-app/src/logic/retrieve-students-by-tutor/index.js","statementMap":{"0":{"start":{"line":1,"column":25},"end":{"line":1,"column":53}},"1":{"start":{"line":4,"column":4},"end":{"line":17,"column":8}},"2":{"start":{"line":5,"column":24},"end":{"line":5,"column":70}},"3":{"start":{"line":6,"column":30},"end":{"line":9,"column":10}},"4":{"start":{"line":10,"column":8},"end":{"line":15,"column":9}},"5":{"start":{"line":11,"column":30},"end":{"line":11,"column":56}},"6":{"start":{"line":12,"column":12},"end":{"line":12,"column":35}},"7":{"start":{"line":14,"column":12},"end":{"line":14,"column":45}}},"fnMap":{"0":{"name":"(anonymous_0)","decl":{"start":{"line":3,"column":15},"end":{"line":3,"column":16}},"loc":{"start":{"line":3,"column":25},"end":{"line":18,"column":1}},"line":3},"1":{"name":"(anonymous_1)","decl":{"start":{"line":4,"column":11},"end":{"line":4,"column":12}},"loc":{"start":{"line":4,"column":23},"end":{"line":17,"column":5}},"line":4}},"branchMap":{"0":{"loc":{"start":{"line":10,"column":8},"end":{"line":15,"column":9}},"type":"if","locations":[{"start":{"line":10,"column":8},"end":{"line":15,"column":9}},{"start":{"line":10,"column":8},"end":{"line":15,"column":9}}],"line":10}},"s":{"0":5,"1":0,"2":0,"3":0,"4":0,"5":0,"6":0,"7":0},"f":{"0":0,"1":0},"b":{"0":[0,0]},"_coverageSchema":"43e27e138ebf9cfc5966b082cf9a028302ed4184","hash":"0d49938ca3f93028139aa15008d4828aad6da919"}
,"/Users/jaume/Documents/skylab-bootcamp-201907/staff/jaume-villarreal/sam/sam-app/src/logic/retrieve-tutor/index.js": {"path":"/Users/jaume/Documents/skylab-bootcamp-201907/staff/jaume-villarreal/sam/sam-app/src/logic/retrieve-tutor/index.js","statementMap":{"0":{"start":{"line":1,"column":25},"end":{"line":1,"column":53}},"1":{"start":{"line":4,"column":4},"end":{"line":17,"column":8}},"2":{"start":{"line":5,"column":24},"end":{"line":5,"column":70}},"3":{"start":{"line":6,"column":22},"end":{"line":9,"column":10}},"4":{"start":{"line":10,"column":8},"end":{"line":15,"column":9}},"5":{"start":{"line":11,"column":30},"end":{"line":11,"column":48}},"6":{"start":{"line":12,"column":12},"end":{"line":12,"column":35}},"7":{"start":{"line":14,"column":12},"end":{"line":14,"column":37}}},"fnMap":{"0":{"name":"(anonymous_0)","decl":{"start":{"line":3,"column":15},"end":{"line":3,"column":16}},"loc":{"start":{"line":3,"column":25},"end":{"line":18,"column":1}},"line":3},"1":{"name":"(anonymous_1)","decl":{"start":{"line":4,"column":11},"end":{"line":4,"column":12}},"loc":{"start":{"line":4,"column":23},"end":{"line":17,"column":5}},"line":4}},"branchMap":{"0":{"loc":{"start":{"line":10,"column":8},"end":{"line":15,"column":9}},"type":"if","locations":[{"start":{"line":10,"column":8},"end":{"line":15,"column":9}},{"start":{"line":10,"column":8},"end":{"line":15,"column":9}}],"line":10}},"s":{"0":5,"1":0,"2":0,"3":0,"4":0,"5":0,"6":0,"7":0},"f":{"0":0,"1":0},"b":{"0":[0,0]},"_coverageSchema":"43e27e138ebf9cfc5966b082cf9a028302ed4184","hash":"75ae2001c0d2bd83b735263b25590911d92a04ec"}
,"/Users/jaume/Documents/skylab-bootcamp-201907/staff/jaume-villarreal/sam/sam-app/src/logic/translate-message/index.js": {"path":"/Users/jaume/Documents/skylab-bootcamp-201907/staff/jaume-villarreal/sam/sam-app/src/logic/translate-message/index.js","statementMap":{"0":{"start":{"line":2,"column":28},"end":{"line":2,"column":30}},"1":{"start":{"line":3,"column":4},"end":{"line":76,"column":9}},"2":{"start":{"line":5,"column":12},"end":{"line":5,"column":50}},"3":{"start":{"line":6,"column":12},"end":{"line":6,"column":18}},"4":{"start":{"line":8,"column":12},"end":{"line":8,"column":57}},"5":{"start":{"line":9,"column":12},"end":{"line":9,"column":18}},"6":{"start":{"line":11,"column":12},"end":{"line":11,"column":50}},"7":{"start":{"line":12,"column":12},"end":{"line":12,"column":18}},"8":{"start":{"line":14,"column":12},"end":{"line":14,"column":54}},"9":{"start":{"line":15,"column":12},"end":{"line":15,"column":18}},"10":{"start":{"line":17,"column":12},"end":{"line":17,"column":64}},"11":{"start":{"line":18,"column":12},"end":{"line":18,"column":18}},"12":{"start":{"line":20,"column":12},"end":{"line":20,"column":79}},"13":{"start":{"line":21,"column":12},"end":{"line":21,"column":18}},"14":{"start":{"line":23,"column":12},"end":{"line":23,"column":89}},"15":{"start":{"line":24,"column":12},"end":{"line":24,"column":18}},"16":{"start":{"line":26,"column":12},"end":{"line":26,"column":59}},"17":{"start":{"line":27,"column":12},"end":{"line":27,"column":18}},"18":{"start":{"line":29,"column":12},"end":{"line":29,"column":74}},"19":{"start":{"line":30,"column":12},"end":{"line":30,"column":18}},"20":{"start":{"line":32,"column":12},"end":{"line":32,"column":66}},"21":{"start":{"line":33,"column":12},"end":{"line":33,"column":18}},"22":{"start":{"line":35,"column":12},"end":{"line":35,"column":57}},"23":{"start":{"line":36,"column":12},"end":{"line":36,"column":18}},"24":{"start":{"line":38,"column":12},"end":{"line":38,"column":65}},"25":{"start":{"line":39,"column":12},"end":{"line":39,"column":18}},"26":{"start":{"line":41,"column":12},"end":{"line":41,"column":68}},"27":{"start":{"line":42,"column":12},"end":{"line":42,"column":18}},"28":{"start":{"line":44,"column":12},"end":{"line":44,"column":76}},"29":{"start":{"line":45,"column":12},"end":{"line":45,"column":18}},"30":{"start":{"line":47,"column":12},"end":{"line":47,"column":83}},"31":{"start":{"line":48,"column":12},"end":{"line":48,"column":18}},"32":{"start":{"line":50,"column":12},"end":{"line":50,"column":81}},"33":{"start":{"line":51,"column":12},"end":{"line":51,"column":18}},"34":{"start":{"line":53,"column":12},"end":{"line":53,"column":81}},"35":{"start":{"line":54,"column":12},"end":{"line":54,"column":18}},"36":{"start":{"line":56,"column":12},"end":{"line":56,"column":81}},"37":{"start":{"line":57,"column":12},"end":{"line":57,"column":18}},"38":{"start":{"line":59,"column":12},"end":{"line":59,"column":99}},"39":{"start":{"line":60,"column":12},"end":{"line":60,"column":18}},"40":{"start":{"line":62,"column":12},"end":{"line":62,"column":93}},"41":{"start":{"line":63,"column":12},"end":{"line":63,"column":18}},"42":{"start":{"line":65,"column":12},"end":{"line":65,"column":83}},"43":{"start":{"line":66,"column":12},"end":{"line":66,"column":18}},"44":{"start":{"line":68,"column":12},"end":{"line":68,"column":90}},"45":{"start":{"line":69,"column":12},"end":{"line":69,"column":18}},"46":{"start":{"line":71,"column":12},"end":{"line":71,"column":96}},"47":{"start":{"line":72,"column":12},"end":{"line":72,"column":18}},"48":{"start":{"line":74,"column":16},"end":{"line":74,"column":43}},"49":{"start":{"line":75,"column":12},"end":{"line":75,"column":18}},"50":{"start":{"line":77,"column":4},"end":{"line":77,"column":28}}},"fnMap":{"0":{"name":"translateMessage","decl":{"start":{"line":1,"column":9},"end":{"line":1,"column":25}},"loc":{"start":{"line":1,"column":42},"end":{"line":78,"column":1}},"line":1}},"branchMap":{"0":{"loc":{"start":{"line":3,"column":4},"end":{"line":76,"column":9}},"type":"switch","locations":[{"start":{"line":4,"column":8},"end":{"line":6,"column":18}},{"start":{"line":7,"column":8},"end":{"line":9,"column":18}},{"start":{"line":10,"column":8},"end":{"line":12,"column":18}},{"start":{"line":13,"column":8},"end":{"line":15,"column":18}},{"start":{"line":16,"column":8},"end":{"line":18,"column":18}},{"start":{"line":19,"column":8},"end":{"line":21,"column":18}},{"start":{"line":22,"column":8},"end":{"line":24,"column":18}},{"start":{"line":25,"column":8},"end":{"line":27,"column":18}},{"start":{"line":28,"column":8},"end":{"line":30,"column":18}},{"start":{"line":31,"column":8},"end":{"line":33,"column":18}},{"start":{"line":34,"column":8},"end":{"line":36,"column":18}},{"start":{"line":37,"column":8},"end":{"line":39,"column":18}},{"start":{"line":40,"column":8},"end":{"line":42,"column":18}},{"start":{"line":43,"column":8},"end":{"line":45,"column":18}},{"start":{"line":46,"column":8},"end":{"line":48,"column":18}},{"start":{"line":49,"column":8},"end":{"line":51,"column":18}},{"start":{"line":52,"column":8},"end":{"line":54,"column":18}},{"start":{"line":55,"column":8},"end":{"line":57,"column":18}},{"start":{"line":58,"column":8},"end":{"line":60,"column":18}},{"start":{"line":61,"column":8},"end":{"line":63,"column":18}},{"start":{"line":64,"column":8},"end":{"line":66,"column":18}},{"start":{"line":67,"column":8},"end":{"line":69,"column":18}},{"start":{"line":70,"column":8},"end":{"line":72,"column":18}},{"start":{"line":73,"column":8},"end":{"line":75,"column":18}}],"line":3}},"s":{"0":0,"1":0,"2":0,"3":0,"4":0,"5":0,"6":0,"7":0,"8":0,"9":0,"10":0,"11":0,"12":0,"13":0,"14":0,"15":0,"16":0,"17":0,"18":0,"19":0,"20":0,"21":0,"22":0,"23":0,"24":0,"25":0,"26":0,"27":0,"28":0,"29":0,"30":0,"31":0,"32":0,"33":0,"34":0,"35":0,"36":0,"37":0,"38":0,"39":0,"40":0,"41":0,"42":0,"43":0,"44":0,"45":0,"46":0,"47":0,"48":0,"49":0,"50":0},"f":{"0":0},"b":{"0":[0,0,0,0,0,0,0,0,0,0,0,0,0,0,0,0,0,0,0,0,0,0,0,0]},"_coverageSchema":"43e27e138ebf9cfc5966b082cf9a028302ed4184","hash":"7d3b95ca4cbc926833ad9c59f9809103b99360b1"}
,"/Users/jaume/Documents/skylab-bootcamp-201907/staff/jaume-villarreal/sam/sam-app/src/logic/update-student/index.js": {"path":"/Users/jaume/Documents/skylab-bootcamp-201907/staff/jaume-villarreal/sam/sam-app/src/logic/update-student/index.js","statementMap":{"0":{"start":{"line":3,"column":21},"end":{"line":3,"column":26}},"1":{"start":{"line":5,"column":25},"end":{"line":5,"column":53}},"2":{"start":{"line":20,"column":4},"end":{"line":20,"column":29}},"3":{"start":{"line":21,"column":4},"end":{"line":21,"column":33}},"4":{"start":{"line":22,"column":4},"end":{"line":22,"column":39}},"5":{"start":{"line":23,"column":4},"end":{"line":23,"column":42}},"6":{"start":{"line":24,"column":4},"end":{"line":24,"column":45}},"7":{"start":{"line":26,"column":17},"end":{"line":26,"column":58}},"8":{"start":{"line":28,"column":4},"end":{"line":40,"column":8}},"9":{"start":{"line":29,"column":25},"end":{"line":33,"column":10}},"10":{"start":{"line":34,"column":8},"end":{"line":39,"column":9}},"11":{"start":{"line":35,"column":30},"end":{"line":35,"column":51}},"12":{"start":{"line":36,"column":12},"end":{"line":36,"column":34}},"13":{"start":{"line":38,"column":12},"end":{"line":38,"column":40}}},"fnMap":{"0":{"name":"(anonymous_0)","decl":{"start":{"line":18,"column":15},"end":{"line":18,"column":16}},"loc":{"start":{"line":18,"column":69},"end":{"line":41,"column":1}},"line":18},"1":{"name":"(anonymous_1)","decl":{"start":{"line":28,"column":11},"end":{"line":28,"column":12}},"loc":{"start":{"line":28,"column":22},"end":{"line":40,"column":5}},"line":28}},"branchMap":{"0":{"loc":{"start":{"line":34,"column":8},"end":{"line":39,"column":9}},"type":"if","locations":[{"start":{"line":34,"column":8},"end":{"line":39,"column":9}},{"start":{"line":34,"column":8},"end":{"line":39,"column":9}}],"line":34}},"s":{"0":5,"1":5,"2":0,"3":0,"4":0,"5":0,"6":0,"7":0,"8":0,"9":0,"10":0,"11":0,"12":0,"13":0},"f":{"0":0,"1":0},"b":{"0":[0,0]},"_coverageSchema":"43e27e138ebf9cfc5966b082cf9a028302ed4184","hash":"6716ee4ba862bf04f56f614b1121ee1f2115a38d"}
,"/Users/jaume/Documents/skylab-bootcamp-201907/staff/jaume-villarreal/sam/sam-app/src/logic/user-logged-out/index.js": {"path":"/Users/jaume/Documents/skylab-bootcamp-201907/staff/jaume-villarreal/sam/sam-app/src/logic/user-logged-out/index.js","statementMap":{"0":{"start":{"line":2,"column":4},"end":{"line":2,"column":26}}},"fnMap":{"0":{"name":"(anonymous_0)","decl":{"start":{"line":1,"column":15},"end":{"line":1,"column":16}},"loc":{"start":{"line":1,"column":25},"end":{"line":3,"column":1}},"line":1}},"branchMap":{},"s":{"0":0},"f":{"0":0},"b":{},"_coverageSchema":"43e27e138ebf9cfc5966b082cf9a028302ed4184","hash":"aaa4889f2c737a46e309b4d5ccbc96fd201bf3c9"}
}
