TN:
SF:/Users/jaume/Documents/skylab-bootcamp-201907/staff/jaume-villarreal/sam/sam-app/src/logic/index.js
FN:17,(anonymous_0)
FN:21,(anonymous_1)
FNF:2
FNH:2
FNDA:2,(anonymous_0)
FNDA:2,(anonymous_1)
DA:18,2
DA:22,2
LF:2
LH:2
BRF:0
BRH:0
end_of_record
TN:
SF:/Users/jaume/Documents/skylab-bootcamp-201907/staff/jaume-villarreal/sam/sam-app/src/logic/authenticate-tutor/index.js
FN:15,(anonymous_0)
FN:20,(anonymous_1)
FNF:2
FNH:2
FNDA:6,(anonymous_0)
FNDA:1,(anonymous_1)
DA:3,5
DA:4,5
DA:16,6
DA:17,4
DA:18,3
DA:20,1
DA:22,1
DA:23,1
DA:25,1
DA:31,1
DA:32,0
DA:33,0
DA:36,1
DA:37,1
LF:14
LH:12
BRDA:31,0,0,0
BRDA:31,0,1,1
BRF:2
BRH:1
end_of_record
TN:
SF:/Users/jaume/Documents/skylab-bootcamp-201907/staff/jaume-villarreal/sam/sam-app/src/logic/is-user-logged-in/index.js
FN:1,(anonymous_0)
FNF:1
FNH:0
FNDA:0,(anonymous_0)
DA:2,0
LF:1
LH:0
BRF:0
BRH:0
end_of_record
TN:
SF:/Users/jaume/Documents/skylab-bootcamp-201907/staff/jaume-villarreal/sam/sam-app/src/logic/register-enrollment/index.js
FN:41,(anonymous_0)
FN:75,(anonymous_1)
FNF:2
FNH:2
FNDA:44,(anonymous_0)
FNDA:8,(anonymous_1)
DA:3,5
DA:5,5
DA:43,44
DA:44,42
DA:45,40
DA:46,38
DA:47,37
DA:48,36
DA:49,35
DA:50,34
DA:51,33
DA:52,32
DA:53,30
DA:55,28
DA:56,26
DA:57,25
DA:58,24
DA:60,23
DA:61,21
DA:62,20
DA:63,19
DA:65,18
DA:66,16
DA:67,15
DA:68,14
DA:70,13
DA:71,11
DA:72,10
DA:73,9
DA:75,8
DA:76,8
DA:81,8
DA:82,2
DA:83,2
DA:85,6
LF:35
LH:35
BRDA:81,0,0,2
BRDA:81,0,1,6
BRF:2
BRH:2
end_of_record
TN:
SF:/Users/jaume/Documents/skylab-bootcamp-201907/staff/jaume-villarreal/sam/sam-app/src/logic/register-student/index.js
FN:21,(anonymous_0)
FN:30,(anonymous_1)
FNF:2
FNH:2
FNDA:1,(anonymous_0)
FNDA:1,(anonymous_1)
DA:3,5
DA:5,5
DA:23,1
DA:24,1
DA:25,1
DA:26,1
DA:27,1
DA:28,1
DA:30,1
DA:31,1
DA:36,1
DA:37,0
DA:38,0
DA:40,1
LF:14
LH:12
BRDA:36,0,0,0
BRDA:36,0,1,1
BRF:2
BRH:1
end_of_record
TN:
SF:/Users/jaume/Documents/skylab-bootcamp-201907/staff/jaume-villarreal/sam/sam-app/src/logic/register-tutor/index.js
FN:21,(anonymous_0)
FN:36,(anonymous_1)
FNF:2
FNH:2
FNDA:18,(anonymous_0)
FNDA:2,(anonymous_1)
DA:3,5
DA:5,5
DA:23,18
DA:24,16
DA:25,16
DA:26,14
DA:27,14
DA:28,12
DA:29,10
DA:30,8
DA:31,7
DA:32,5
DA:34,3
DA:36,2
DA:37,2
DA:42,2
DA:43,0
DA:44,0
DA:47,2
LF:19
LH:17
BRDA:34,0,0,1
BRDA:34,0,1,2
BRDA:42,1,0,0
BRDA:42,1,1,2
BRF:4
BRH:3
end_of_record
TN:
SF:/Users/jaume/Documents/skylab-bootcamp-201907/staff/jaume-villarreal/sam/sam-app/src/logic/retrieve-current-enrollment/index.js
FN:13,(anonymous_0)
FN:16,(anonymous_1)
FNF:2
FNH:0
FNDA:0,(anonymous_0)
FNDA:0,(anonymous_1)
DA:2,5
DA:3,5
DA:14,0
DA:16,0
DA:17,0
DA:20,0
DA:21,0
DA:22,0
DA:25,0
LF:9
LH:2
BRDA:20,0,0,0
BRDA:20,0,1,0
BRF:2
BRH:0
end_of_record
TN:
SF:/Users/jaume/Documents/skylab-bootcamp-201907/staff/jaume-villarreal/sam/sam-app/src/logic/retrieve-student/index.js
FN:3,(anonymous_0)
FN:4,(anonymous_1)
FNF:2
FNH:0
FNDA:0,(anonymous_0)
FNDA:0,(anonymous_1)
DA:1,5
DA:4,0
DA:5,0
DA:6,0
DA:10,0
DA:11,0
DA:12,0
DA:14,0
LF:8
LH:1
BRDA:10,0,0,0
BRDA:10,0,1,0
BRF:2
BRH:0
end_of_record
TN:
SF:/Users/jaume/Documents/skylab-bootcamp-201907/staff/jaume-villarreal/sam/sam-app/src/logic/retrieve-students-by-tutor/index.js
FN:3,(anonymous_0)
FN:4,(anonymous_1)
FNF:2
FNH:0
FNDA:0,(anonymous_0)
FNDA:0,(anonymous_1)
DA:1,5
DA:4,0
DA:5,0
DA:6,0
DA:10,0
DA:11,0
DA:12,0
DA:14,0
LF:8
LH:1
BRDA:10,0,0,0
BRDA:10,0,1,0
BRF:2
BRH:0
end_of_record
TN:
SF:/Users/jaume/Documents/skylab-bootcamp-201907/staff/jaume-villarreal/sam/sam-app/src/logic/retrieve-tutor/index.js
FN:3,(anonymous_0)
FN:4,(anonymous_1)
FNF:2
FNH:0
FNDA:0,(anonymous_0)
FNDA:0,(anonymous_1)
DA:1,5
DA:4,0
DA:5,0
DA:6,0
DA:10,0
DA:11,0
DA:12,0
DA:14,0
LF:8
LH:1
BRDA:10,0,0,0
BRDA:10,0,1,0
BRF:2
BRH:0
end_of_record
TN:
SF:/Users/jaume/Documents/skylab-bootcamp-201907/staff/jaume-villarreal/sam/sam-app/src/logic/translate-message/index.js
FN:1,translateMessage
FNF:1
FNH:0
FNDA:0,translateMessage
DA:2,0
DA:3,0
DA:5,0
DA:6,0
DA:8,0
DA:9,0
DA:11,0
DA:12,0
DA:14,0
DA:15,0
DA:17,0
DA:18,0
DA:20,0
DA:21,0
DA:23,0
DA:24,0
DA:26,0
DA:27,0
DA:29,0
DA:30,0
DA:32,0
DA:33,0
DA:35,0
DA:36,0
DA:38,0
DA:39,0
DA:41,0
DA:42,0
DA:44,0
DA:45,0
DA:47,0
DA:48,0
DA:50,0
DA:51,0
DA:53,0
DA:54,0
DA:56,0
DA:57,0
DA:59,0
DA:60,0
DA:62,0
DA:63,0
DA:65,0
DA:66,0
DA:68,0
DA:69,0
DA:71,0
DA:72,0
DA:74,0
DA:75,0
DA:77,0
LF:51
LH:0
BRDA:3,0,0,0
BRDA:3,0,1,0
BRDA:3,0,2,0
BRDA:3,0,3,0
BRDA:3,0,4,0
BRDA:3,0,5,0
BRDA:3,0,6,0
BRDA:3,0,7,0
BRDA:3,0,8,0
BRDA:3,0,9,0
BRDA:3,0,10,0
BRDA:3,0,11,0
BRDA:3,0,12,0
BRDA:3,0,13,0
BRDA:3,0,14,0
BRDA:3,0,15,0
BRDA:3,0,16,0
BRDA:3,0,17,0
BRDA:3,0,18,0
BRDA:3,0,19,0
BRDA:3,0,20,0
BRDA:3,0,21,0
BRDA:3,0,22,0
BRDA:3,0,23,0
BRF:24
BRH:0
end_of_record
TN:
SF:/Users/jaume/Documents/skylab-bootcamp-201907/staff/jaume-villarreal/sam/sam-app/src/logic/update-student/index.js
FN:18,(anonymous_0)
FN:28,(anonymous_1)
FNF:2
FNH:0
FNDA:0,(anonymous_0)
FNDA:0,(anonymous_1)
DA:3,5
DA:5,5
DA:20,0
DA:21,0
DA:22,0
DA:23,0
DA:24,0
DA:26,0
DA:28,0
DA:29,0
DA:34,0
DA:35,0
DA:36,0
DA:38,0
LF:14
LH:2
BRDA:34,0,0,0
BRDA:34,0,1,0
BRF:2
BRH:0
end_of_record
TN:
SF:/Users/jaume/Documents/skylab-bootcamp-201907/staff/jaume-villarreal/sam/sam-app/src/logic/user-logged-out/index.js
FN:1,(anonymous_0)
FNF:1
FNH:0
FNDA:0,(anonymous_0)
DA:2,0
LF:1
LH:0
BRF:0
BRH:0
end_of_record
